[21:25:52] [Server thread/INFO]: Starting minecraft server version 1.8.1
[21:25:52] [Server thread/INFO]: Loading properties
[21:25:52] [Server thread/INFO]: Default game type: SURVIVAL
[21:25:52] [Server thread/INFO]: Generating keypair
[21:25:53] [Server thread/INFO]: Starting Minecraft server on *:25565
[21:25:53] [Server thread/INFO]: Using epoll channel type
[21:25:53] [Server thread/WARN]: **** SERVER IS RUNNING IN OFFLINE/INSECURE MODE!
[21:25:53] [Server thread/WARN]: The server will make no attempt to authenticate usernames. Beware.
[21:25:53] [Server thread/WARN]: While this makes the game possible to play without internet access, it also opens up the ability for hackers to connect with any username they choose.
[21:25:53] [Server thread/WARN]: To change this, set "online-mode" to "true" in the server.properties file.
[21:25:53] [Server thread/INFO]: Preparing level "world"
[21:25:53] [Server thread/INFO]: Preparing start region for level 0
[21:25:54] [Server thread/INFO]: Preparing spawn area: 2%
[21:25:55] [Server thread/INFO]: Preparing spawn area: 16%
[21:25:56] [Server thread/INFO]: Preparing spawn area: 37%
[21:25:57] [Server thread/INFO]: Preparing spawn area: 84%
[21:25:57] [Server thread/INFO]: Done (4.521s)! For help, type "help" or "?"
[21:27:03] [Server thread/INFO]: shenhao[/223.93.188.135:2449] logged in with entity id 181 at (-489.99295954520846, 63.0, -44.01510652765537)
[21:27:03] [Server thread/INFO]: shenhao joined the game
[21:27:05] [Server thread/WARN]: Can't keep up! Did the system time change, or is the server overloaded? Running 2207ms behind, skipping 44 tick(s)
[21:27:53] [Server thread/INFO]: 宇文心辰[/112.11.44.97:22573] logged in with entity id 581 at (-502.5752320847781, 63.0, -44.58784609823784)
[21:27:53] [Server thread/INFO]: 宇文心辰 joined the game
[21:34:40] [Server thread/INFO]: shenhao has just earned the achievement [Time to Farm!]
[21:43:15] [Server thread/INFO]: jack[/127.0.0.1:53902] logged in with entity id 17064 at (-516.7947646135332, 63.0, -47.7411968383513)
[21:43:15] [Server thread/INFO]: jack joined the game
[21:46:05] [Server thread/INFO]: 宇文心辰 fell from a high place
[21:48:15] [Server thread/INFO]: jack fell from a high place
[21:49:18] [Server thread/INFO]: jack lost connection: TextComponent{text='Disconnected', siblings=[], style=Style{hasParent=false, color=null, bold=null, italic=null, underlined=null, obfuscated=null, clickEvent=null, hoverEvent=null, insertion=null}}
[21:49:18] [Server thread/INFO]: jack left the game
[21:49:48] [Server thread/INFO]: jack[/127.0.0.1:53944] logged in with entity id 25159 at (-307.2264335642265, 69.0, 141.16395027563385)
[21:49:48] [Server thread/INFO]: jack joined the game
[21:49:52] [Server thread/INFO]: jack lost connection: TextComponent{text='Disconnected', siblings=[], style=Style{hasParent=false, color=null, bold=null, italic=null, underlined=null, obfuscated=null, clickEvent=null, hoverEvent=null, insertion=null}}
[21:49:52] [Server thread/INFO]: jack left the game
[21:50:36] [Server thread/INFO]: jack[/127.0.0.1:53950] logged in with entity id 25765 at (-307.2264335642265, 69.0, 141.16395027563385)
[21:50:36] [Server thread/INFO]: jack joined the game
[21:51:58] [Server thread/INFO]: jack was slain by Zombie
[21:51:58] [Server thread/INFO]: jack lost connection: TextComponent{text='Disconnected', siblings=[], style=Style{hasParent=false, color=null, bold=null, italic=null, underlined=null, obfuscated=null, clickEvent=null, hoverEvent=null, insertion=null}}
[21:51:58] [Server thread/INFO]: jack left the game
[21:52:21] [Server thread/INFO]: jack[/127.0.0.1:53956] logged in with entity id 28265 at (-357.55123365113144, 64.20000004768372, 99.91378694098258)
[21:52:21] [Server thread/INFO]: jack joined the game
[21:58:03] [Server thread/INFO]: jack lost connection: TextComponent{text='Disconnected', siblings=[], style=Style{hasParent=false, color=null, bold=null, italic=null, underlined=null, obfuscated=null, clickEvent=null, hoverEvent=null, insertion=null}}
[21:58:03] [Server thread/INFO]: jack left the game
[21:59:41] [Server thread/INFO]: <宇文心辰> give mod1 to
[22:04:53] [Server thread/INFO]: jack[/127.0.0.1:53996] logged in with entity id 52081 at (-505.5498926877312, 63.0, -63.453974815191216)
[22:04:53] [Server thread/INFO]: jack joined the game
[22:08:28] [Server thread/INFO]: <宇文心辰> 鸡哥，语音
[22:10:42] [Server thread/INFO]: <jack> dengdeng
[22:10:47] [Server thread/INFO]: <jack> wozaidadianhua
[22:12:02] [Server thread/INFO]: shenhao has just earned the achievement [Acquire Hardware]
[22:26:26] [Server thread/INFO]: <jack> weishenmezhemeduoluozi
[22:27:50] [Server thread/INFO]: jack was shot by Skeleton
[22:30:42] [Server thread/INFO]: <shenhao> 我凯旋回来了
[22:31:11] [Server thread/INFO]: <jack> 6666
[22:32:52] [Server thread/INFO]: jack was blown up by Creeper
[22:35:38] [Server thread/INFO]: <jack> ....
[22:41:20] [Server thread/INFO]: <宇文心辰> ее
[22:48:00] [Server thread/INFO]: jack was slain by Zombie
[22:51:54] [Server thread/INFO]: 宇文心辰 lost connection: TextComponent{text='Disconnected', siblings=[], style=Style{hasParent=false, color=null, bold=null, italic=null, underlined=null, obfuscated=null, clickEvent=null, hoverEvent=null, insertion=null}}
[22:51:54] [Server thread/INFO]: 宇文心辰 left the game
[22:52:04] [Server thread/INFO]: <shenhao> 鸡哥
[22:52:10] [Server thread/INFO]: <shenhao> 不玩了
[22:52:18] [Server thread/INFO]: <shenhao> 睡觉了
[22:53:12] [Server thread/INFO]: shenhao lost connection: TextComponent{text='Disconnected', siblings=[], style=Style{hasParent=false, color=null, bold=null, italic=null, underlined=null, obfuscated=null, clickEvent=null, hoverEvent=null, insertion=null}}
[22:53:12] [Server thread/INFO]: shenhao left the game
[22:58:50] [Server thread/INFO]: jack lost connection: TextComponent{text='Disconnected', siblings=[], style=Style{hasParent=false, color=null, bold=null, italic=null, underlined=null, obfuscated=null, clickEvent=null, hoverEvent=null, insertion=null}}
[22:58:50] [Server thread/INFO]: jack left the game
[22:59:05] [Server thread/INFO]: Stopping server
[22:59:05] [Server thread/INFO]: Saving players
[22:59:05] [Server thread/INFO]: Saving worlds
[22:59:05] [Server thread/INFO]: Saving chunks for level 'world'/Overworld
[22:59:05] [Server thread/INFO]: Saving chunks for level 'world'/Nether
[22:59:05] [Server thread/INFO]: Saving chunks for level 'world'/The End
[22:59:05] [Server Shutdown Thread/INFO]: Stopping server
[22:59:05] [Server Shutdown Thread/INFO]: Saving players
[22:59:05] [Server Shutdown Thread/INFO]: Saving worlds
[22:59:05] [Server Shutdown Thread/INFO]: Saving chunks for level 'world'/Overworld
